app/build/intermediates/manifest_merge_blame_file/debug/manifest-merger-blame-debug-report.txt
1<?xml version="1.0" encoding="utf-8"?>
2<manifest xmlns:android="http://schemas.android.com/apk/res/android"
3    package="com.ne5.ble_func_test"
4    android:versionCode="1"
5    android:versionName="1.0" >
6
7    <uses-sdk
8        android:minSdkVersion="23"
8-->src\main\AndroidManifest.xml
9        android:targetSdkVersion="28" />
9-->src\main\AndroidManifest.xml
10
11    <uses-permission android:name="android.permission.BLUETOOTH" />
11-->src\main\AndroidManifest.xml:5:5-67
11-->src\main\AndroidManifest.xml:5:22-65
12    <uses-permission android:name="android.permission.BLUETOOTH_ADMIN" />
12-->src\main\AndroidManifest.xml:6:5-73
12-->src\main\AndroidManifest.xml:6:22-71
13    <uses-permission android:name="android.permission.ACCESS_FINE_LOCATION" />
13-->src\main\AndroidManifest.xml:7:5-78
13-->src\main\AndroidManifest.xml:7:22-76
14    <uses-permission android:name="android.permission.ACCESS_COARSE_LOCATION" />
14-->src\main\AndroidManifest.xml:8:5-80
14-->src\main\AndroidManifest.xml:8:22-78
15
16    <application
16-->src\main\AndroidManifest.xml:11:5-40:19
17        android:allowBackup="true"
17-->src\main\AndroidManifest.xml:12:9-35
18        android:appComponentFactory="androidx.core.app.CoreComponentFactory"
18-->[androidx.core:core:1.1.0] AndroidManifest.xml:24:18-86
19        android:debuggable="true"
20        android:icon="@mipmap/ic_launcher"
20-->src\main\AndroidManifest.xml:13:9-43
21        android:label="@string/app_name"
21-->src\main\AndroidManifest.xml:14:9-41
22        android:roundIcon="@mipmap/ic_launcher_round"
22-->src\main\AndroidManifest.xml:15:9-54
23        android:supportsRtl="true"
23-->src\main\AndroidManifest.xml:16:9-35
24        android:testOnly="true"
25        android:theme="@android:style/Theme.Wallpaper.NoTitleBar" >
25-->src\main\AndroidManifest.xml:17:9-66
26        <meta-data
26-->src\main\AndroidManifest.xml:18:9-20:35
27            android:name="android.max_aspect"
27-->src\main\AndroidManifest.xml:19:13-46
28            android:value="2.4" />
28-->src\main\AndroidManifest.xml:20:13-32
29        <!-- 适配华为（huawei）刘海屏 -->
30        <meta-data
30-->src\main\AndroidManifest.xml:22:9-24:35
31            android:name="android.notch_support"
31-->src\main\AndroidManifest.xml:23:13-49
32            android:value="true" />
32-->src\main\AndroidManifest.xml:24:13-33
33        <!-- 适配小米（xiaomi）刘海屏 -->
34        <meta-data
34-->src\main\AndroidManifest.xml:26:9-28:50
35            android:name="notch.config"
35-->src\main\AndroidManifest.xml:27:13-40
36            android:value="portrait|landscape" />
36-->src\main\AndroidManifest.xml:28:13-47
37
38        <activity
38-->src\main\AndroidManifest.xml:30:9-39:20
39            android:name="com.ne5.ble_func_test.FullscreenActivity"
39-->src\main\AndroidManifest.xml:31:13-47
40            android:configChanges="orientation|keyboardHidden|screenSize"
40-->src\main\AndroidManifest.xml:32:13-74
41            android:label="@string/app_name" >
41-->src\main\AndroidManifest.xml:33:13-45
42            <intent-filter>
42-->src\main\AndroidManifest.xml:34:13-38:29
43                <action android:name="android.intent.action.MAIN" />
43-->src\main\AndroidManifest.xml:35:17-69
43-->src\main\AndroidManifest.xml:35:25-66
44
45                <category android:name="android.intent.category.LAUNCHER" />
45-->src\main\AndroidManifest.xml:37:17-77
45-->src\main\AndroidManifest.xml:37:27-74
46            </intent-filter>
47        </activity>
48        <activity
48-->[pub.devrel:easypermissions:3.0.0] AndroidManifest.xml:12:9-16:66
49            android:name="pub.devrel.easypermissions.AppSettingsDialogHolderActivity"
49-->[pub.devrel:easypermissions:3.0.0] AndroidManifest.xml:13:13-86
50            android:exported="false"
50-->[pub.devrel:easypermissions:3.0.0] AndroidManifest.xml:14:13-37
51            android:label=""
51-->[pub.devrel:easypermissions:3.0.0] AndroidManifest.xml:15:13-29
52            android:theme="@style/EasyPermissions.Transparent" />
52-->[pub.devrel:easypermissions:3.0.0] AndroidManifest.xml:16:13-63
53    </application>
54
55</manifest>